<?xml version="1.0" encoding="UTF-8"?>
<!-- Generated by org.testng.reporters.JUnitXMLReporter -->
<testsuite ignored="0" hostname="DESKTOP-LKHQBG4" failures="0" tests="8" name="ChromeTest" time="365.14" errors="0" timestamp="2023-05-03T15:22:16 IST">
  <testcase classname="com.spicejet.test.SignupTest" name="signUp" time="17.329"/>
  <testcase classname="com.spicejet.test.PositiveLoginTest" name="login" time="2.187"/>
  <testcase classname="com.spicejet.test.NegativeLoginTest" name="login" time="4.495"/>
  <testcase classname="com.spicejet.test.OneWayTripTest" name="searchFlightOneway" time="114.244"/>
  <testcase classname="com.spicejet.test.RoundTripTest" name="searchFlightRound" time="113.059"/>
  <testcase classname="com.spicejet.test.CheckInValidationTest" name="validateCheckIn" time="3.548"/>
  <testcase classname="com.spicejet.test.FlightStatusValidationTest" name="validateFlightStatus" time="12.257"/>
  <testcase classname="com.spicejet.test.ManageBookingTest" name="validateCheckIn" time="4.194"/>
</testsuite> <!-- ChromeTest -->
