<?xml version="1.0" encoding="UTF-8"?>
<!-- Generated by org.testng.reporters.JUnitXMLReporter -->
<testsuite ignored="0" hostname="DESKTOP-LKHQBG4" failures="0" tests="8" name="EdgeTest" time="415.605" errors="0" timestamp="2023-05-03T15:29:12 IST">
  <testcase classname="com.spicejet.test.SignupTest" name="signUp" time="18.576"/>
  <testcase classname="com.spicejet.test.PositiveLoginTest" name="login" time="1.805"/>
  <testcase classname="com.spicejet.test.NegativeLoginTest" name="login" time="4.57"/>
  <testcase classname="com.spicejet.test.OneWayTripTest" name="searchFlightOneway" time="105.557"/>
  <testcase classname="com.spicejet.test.RoundTripTest" name="searchFlightRound" time="113.238"/>
  <testcase classname="com.spicejet.test.CheckInValidationTest" name="validateCheckIn" time="4.207"/>
  <testcase classname="com.spicejet.test.FlightStatusValidationTest" name="validateFlightStatus" time="24.328"/>
  <testcase classname="com.spicejet.test.ManageBookingTest" name="validateCheckIn" time="4.374"/>
</testsuite> <!-- EdgeTest -->
