<?xml version="1.0" encoding="UTF-8"?>
<!-- Generated by org.testng.reporters.JUnitXMLReporter -->
<testsuite ignored="0" hostname="DESKTOP-LKHQBG4" failures="0" tests="8" name="FireFoxTest" time="464.905" errors="0" timestamp="2023-05-03T15:09:33 IST">
  <testcase classname="com.spicejet.test.SignupTest" name="signUp" time="119.534"/>
  <testcase classname="com.spicejet.test.PositiveLoginTest" name="login" time="3.409"/>
  <testcase classname="com.spicejet.test.NegativeLoginTest" name="login" time="53.618"/>
  <testcase classname="com.spicejet.test.OneWayTripTest" name="searchFlightOneway" time="82.198"/>
  <testcase classname="com.spicejet.test.RoundTripTest" name="searchFlightRound" time="71.997"/>
  <testcase classname="com.spicejet.test.CheckInValidationTest" name="validateCheckIn" time="5.15"/>
  <testcase classname="com.spicejet.test.FlightStatusValidationTest" name="validateFlightStatus" time="13.55"/>
  <testcase classname="com.spicejet.test.ManageBookingTest" name="validateCheckIn" time="6.514"/>
</testsuite> <!-- FireFoxTest -->
